Arguments: 
  /usr/local/Cellar/node/15.5.0/bin/node /usr/local/bin/yarn start

PATH: 
  /Users/shota/.pyenv/shims:/Users/shota/.pyenv/bin:/usr/local/opt/mysql@5.7/bin:/Users/shota/.rbenv/shims:/Users/shota/.rbenv/bin:/usr/local/bin:/usr/bin:/bin:/usr/sbin:/sbin:/usr/local/go/bin:/Users/shota/.rbenv/shims:/Users/shota/.rbenv/bin:/Users/shota/.pyenv/shims:/Users/shota/.pyenv/bin:/usr/local/opt/mysql@5.7/bin:/Users/shota/bin:/Users/shota/bin

Yarn version: 
  1.22.4

Node version: 
  15.5.0

Platform: 
  darwin x64

Trace: 
  SyntaxError: /Users/shota/Downloads/package.json: Unexpected end of JSON input
      at JSON.parse (<anonymous>)
      at /usr/local/lib/node_modules/yarn/lib/cli.js:1625:59
      at Generator.next (<anonymous>)
      at step (/usr/local/lib/node_modules/yarn/lib/cli.js:310:30)
      at /usr/local/lib/node_modules/yarn/lib/cli.js:321:13

npm manifest: 
  {
    "name": "markdown-editor",
    "version": "1.0.0",
    "scripts": {
      "start": "webpack-dev-server",
      "build": "webpack --mode=production"
    },
    "dependencies": {
      "@types/marked": "^2.0.0",
      "@types/react": "^17.0.3",
      "@types/react-dom": "^17.0.1",
      "@types/react-router-dom": "^5.1.7",
      "@types/styled-components": "^5.1.7",
      "dexie": "^3.0.3",
      "marked": "^2.0.1",
      "react": "^17.0.1",
      "react-dom": "^17.0.1",
      "react-markdown": "^5.0.3",
      "react-router-dom": "^5.2.0",
      "styled-components": "^5.2.1",
      "ts-loader": "^8.0.17",
      "typescript": "^4.2.3",
      "webpack": "^4.46.0",
      "webpack-cli": "^3.3.12",
      "webpack-dev-server": "^3.11.2",
      "worker-loader": "^3.0.8"
    }
  }

yarn manifest: 
  No manifest

Lockfile: 
  No lockfile
